<?xml version="1.0" encoding="UTF-8"?>
<testsuite xmlns:xsi="http://www.w3.org/2001/XMLSchema-instance" xsi:noNamespaceSchemaLocation="https://maven.apache.org/surefire/maven-surefire-plugin/xsd/surefire-test-report.xsd" name="TestSuite" time="1.723" tests="4" errors="0" skipped="3" failures="1">
  <properties>
[...]
</properties>
  <testcase name="getBooksAPI" classname="org.busyqa.testCases.BooksAPIe2eTest" time="1.057">
    <failure message="io/restassured/path/json/mapper/factory/JsonbObjectMapperFactory" type="java.lang.NoClassDefFoundError">java.lang.NoClassDefFoundError: io/restassured/path/json/mapper/factory/JsonbObjectMapperFactory
	at org.busyqa.testCases.BooksAPIe2eTest.getBooksAPI(BooksAPIe2eTest.java:28)
Caused by: java.lang.ClassNotFoundException: io.restassured.path.json.mapper.factory.JsonbObjectMapperFactory
	at org.busyqa.testCases.BooksAPIe2eTest.getBooksAPI(BooksAPIe2eTest.java:28)
</failure>
  </testcase>
  <testcase name="postBooksAPI" classname="org.busyqa.testCases.BooksAPIe2eTest" time="0">
    <skipped message="Method BooksAPIe2eTest.postBooksAPI()[pri:0, instance:org.busyqa.testCases.BooksAPIe2eTest@71b6172c] depends on not successfully finished methods"/>
  </testcase>
  <testcase name="putBooksAPI" classname="org.busyqa.testCases.BooksAPIe2eTest" time="0">
    <skipped message="Method BooksAPIe2eTest.putBooksAPI()[pri:0, instance:org.busyqa.testCases.BooksAPIe2eTest@71b6172c] depends on not successfully finished methods"/>
  </testcase>
  <testcase name="deleteBooksAPI" classname="org.busyqa.testCases.BooksAPIe2eTest" time="0">
    <skipped message="Method BooksAPIe2eTest.deleteBooksAPI()[pri:0, instance:org.busyqa.testCases.BooksAPIe2eTest@71b6172c] depends on not successfully finished methods"/>
  </testcase>
</testsuite>