-------------------------------------------------------------------------------
Test set: TestSuite
-------------------------------------------------------------------------------
Tests run: 4, Failures: 1, Errors: 0, Skipped: 3, Time elapsed: 1.723 s <<< FAILURE! - in TestSuite
getBooksAPI(org.busyqa.testCases.BooksAPIe2eTest)  Time elapsed: 1.057 s  <<< FAILURE!
java.lang.NoClassDefFoundError: io/restassured/path/json/mapper/factory/JsonbObjectMapperFactory
	at org.busyqa.testCases.BooksAPIe2eTest.getBooksAPI(BooksAPIe2eTest.java:28)
Caused by: java.lang.ClassNotFoundException: io.restassured.path.json.mapper.factory.JsonbObjectMapperFactory
	at org.busyqa.testCases.BooksAPIe2eTest.getBooksAPI(BooksAPIe2eTest.java:28)

