<?xml version="1.0" encoding="UTF-8"?>
<testng-results ignored="0" total="4" passed="4" failed="0" skipped="0">
  <reporter-output>
  </reporter-output>
  <suite started-at="2021-10-30T10:46:09 GMT-04:00" name="All Test Suite" finished-at="2021-10-30T10:46:13 GMT-04:00" duration-ms="3546">
    <groups>
    </groups>
    <test started-at="2021-10-30T10:46:09 GMT-04:00" name="C:/Users/simra/RestAssuredTests" finished-at="2021-10-30T10:46:13 GMT-04:00" duration-ms="3546">
      <class name="org.busyqa.testCases.BooksAPIe2eTest">
        <test-method signature="getBooksAPI()[pri:0, instance:org.busyqa.testCases.BooksAPIe2eTest@ea6147e]" started-at="2021-10-30T10:46:09 GMT-04:00" name="getBooksAPI" finished-at="2021-10-30T10:46:13 GMT-04:00" duration-ms="3114" status="PASS">
          <reporter-output>
          </reporter-output>
        </test-method> <!-- getBooksAPI -->
        <test-method signature="postBooksAPI()[pri:0, instance:org.busyqa.testCases.BooksAPIe2eTest@ea6147e]" started-at="2021-10-30T10:46:13 GMT-04:00" name="postBooksAPI" finished-at="2021-10-30T10:46:13 GMT-04:00" depends-on-methods="org.busyqa.testCases.BooksAPIe2eTest.getBooksAPI" duration-ms="179" status="PASS">
          <reporter-output>
          </reporter-output>
        </test-method> <!-- postBooksAPI -->
        <test-method signature="putBooksAPI()[pri:0, instance:org.busyqa.testCases.BooksAPIe2eTest@ea6147e]" started-at="2021-10-30T10:46:13 GMT-04:00" name="putBooksAPI" finished-at="2021-10-30T10:46:13 GMT-04:00" depends-on-methods="org.busyqa.testCases.BooksAPIe2eTest.postBooksAPI" duration-ms="61" status="PASS">
          <reporter-output>
          </reporter-output>
        </test-method> <!-- putBooksAPI -->
        <test-method signature="deleteBooksAPI()[pri:0, instance:org.busyqa.testCases.BooksAPIe2eTest@ea6147e]" started-at="2021-10-30T10:46:13 GMT-04:00" name="deleteBooksAPI" finished-at="2021-10-30T10:46:13 GMT-04:00" depends-on-methods="org.busyqa.testCases.BooksAPIe2eTest.putBooksAPI" duration-ms="104" status="PASS">
          <reporter-output>
          </reporter-output>
        </test-method> <!-- deleteBooksAPI -->
      </class> <!-- org.busyqa.testCases.BooksAPIe2eTest -->
    </test> <!-- C:/Users/simra/RestAssuredTests -->
  </suite> <!-- All Test Suite -->
</testng-results>
